# JRE version: OpenJDK Runtime Environment Temurin-21.0.9+10 (21.0.9+10) (build 21.0.9+10-LTS)
# Java VM: OpenJDK 64-Bit Server VM Temurin-21.0.9+10 (21.0.9+10-LTS, mixed mode, sharing, tiered, compressed oops, compressed class ptrs, parallel gc, windows-amd64)
GC Precious Log:
 CardTable entry size: 512
 CPUs: 12 total, 12 available
 Memory: 7896M
 Large Page Support: Disabled
 NUMA Support: Disabled
 Compressed Oops: Enabled (32-bit)
 Alignments: Space 512K, Generation 512K, Heap 2M
 Heap Min Capacity: 100M
 Heap Initial Capacity: 100M
 Heap Max Capacity: 2G
 Pre-touch: Disabled
 Parallel Workers: 10
Heap:
 PSYoungGen      total 4096K, used 1195K [0x00000000d5580000, 0x00000000d5a80000, 0x0000000100000000)
  eden space 3584K, 26% used [0x00000000d5580000,0x00000000d566ac20,0x00000000d5900000)
  from space 512K, 50% used [0x00000000d5900000,0x00000000d5940000,0x00000000d5980000)
  to   space 512K, 0% used [0x00000000d5a00000,0x00000000d5a00000,0x00000000d5a80000)
 ParOldGen       total 159232K, used 158973K [0x0000000080000000, 0x0000000089b80000, 0x00000000d5580000)
  object space 159232K, 99% used [0x0000000080000000,0x0000000089b3f5b0,0x0000000089b80000)
 Metaspace       used 68540K, committed 70080K, reserved 1114112K
  class space    used 7076K, committed 7744K, reserved 1048576K
GC Heap History (20 events):
Event: 16.990 GC heap before
{Heap before GC invocations=283 (full 3):
 PSYoungGen      total 4096K, used 3904K [0x00000000d5580000, 0x00000000d5c00000, 0x0000000100000000)
  eden space 2048K, 100% used [0x00000000d5580000,0x00000000d5780000,0x00000000d5780000)
  from space 2048K, 90% used [0x00000000d5780000,0x00000000d5950000,0x00000000d5980000)
  to   space 2048K, 0% used [0x00000000d5a00000,0x00000000d5a00000,0x00000000d5c00000)
 ParOldGen       total 155136K, used 154713K [0x0000000080000000, 0x0000000089780000, 0x00000000d5580000)
  object space 155136K, 99% used [0x0000000080000000,0x00000000897165a0,0x0000000089780000)
 Metaspace       used 68368K, committed 69952K, reserved 1114112K
  class space    used 7068K, committed 7744K, reserved 1048576K
}
Event: 16.992 GC heap after
{Heap after GC invocations=283 (full 3):
 PSYoungGen      total 4096K, used 1616K [0x00000000d5580000, 0x00000000d5c00000, 0x0000000100000000)
  eden space 2048K, 0% used [0x00000000d5580000,0x00000000d5580000,0x00000000d5780000)
  from space 2048K, 78% used [0x00000000d5a00000,0x00000000d5b94010,0x00000000d5c00000)
  to   space 2048K, 0% used [0x00000000d5780000,0x00000000d5780000,0x00000000d5980000)
 ParOldGen       total 156672K, used 156461K [0x0000000080000000, 0x0000000089900000, 0x00000000d5580000)
  object space 156672K, 99% used [0x0000000080000000,0x00000000898cb570,0x0000000089900000)
 Metaspace       used 68368K, committed 69952K, reserved 1114112K
  class space    used 7068K, committed 7744K, reserved 1048576K
}
Event: 17.000 GC heap before
{Heap before GC invocations=284 (full 3):
 PSYoungGen      total 4096K, used 3556K [0x00000000d5580000, 0x00000000d5c00000, 0x0000000100000000)
  eden space 2048K, 94% used [0x00000000d5580000,0x00000000d57652b8,0x00000000d5780000)
  from space 2048K, 78% used [0x00000000d5a00000,0x00000000d5b94010,0x00000000d5c00000)
  to   space 2048K, 0% used [0x00000000d5780000,0x00000000d5780000,0x00000000d5980000)
 ParOldGen       total 156672K, used 156461K [0x0000000080000000, 0x0000000089900000, 0x00000000d5580000)
  object space 156672K, 99% used [0x0000000080000000,0x00000000898cb570,0x0000000089900000)
 Metaspace       used 68384K, committed 69952K, reserved 1114112K
  class space    used 7069K, committed 7744K, reserved 1048576K
}
Event: 17.003 GC heap after
{Heap after GC invocations=284 (full 3):
 PSYoungGen      total 4096K, used 1400K [0x00000000d5580000, 0x00000000d5b00000, 0x0000000100000000)
  eden space 2048K, 0% used [0x00000000d5580000,0x00000000d5580000,0x00000000d5780000)
  from space 2048K, 68% used [0x00000000d5780000,0x00000000d58de138,0x00000000d5980000)
  to   space 1536K, 0% used [0x00000000d5980000,0x00000000d5980000,0x00000000d5b00000)
 ParOldGen       total 158208K, used 157949K [0x0000000080000000, 0x0000000089a80000, 0x00000000d5580000)
  object space 158208K, 99% used [0x0000000080000000,0x0000000089a3f580,0x0000000089a80000)
 Metaspace       used 68384K, committed 69952K, reserved 1114112K
  class space    used 7069K, committed 7744K, reserved 1048576K
}
Event: 17.016 GC heap before
{Heap before GC invocations=285 (full 3):
 PSYoungGen      total 4096K, used 3445K [0x00000000d5580000, 0x00000000d5b00000, 0x0000000100000000)
  eden space 2048K, 99% used [0x00000000d5580000,0x00000000d577f3f0,0x00000000d5780000)
  from space 2048K, 68% used [0x00000000d5780000,0x00000000d58de138,0x00000000d5980000)
  to   space 1536K, 0% used [0x00000000d5980000,0x00000000d5980000,0x00000000d5b00000)
 ParOldGen       total 158208K, used 157949K [0x0000000080000000, 0x0000000089a80000, 0x00000000d5580000)
  object space 158208K, 99% used [0x0000000080000000,0x0000000089a3f580,0x0000000089a80000)
 Metaspace       used 68385K, committed 69952K, reserved 1114112K
  class space    used 7069K, committed 7744K, reserved 1048576K
}
Event: 17.017 GC heap after
{Heap after GC invocations=285 (full 3):
 PSYoungGen      total 2560K, used 256K [0x00000000d5580000, 0x00000000d5a00000, 0x0000000100000000)
  eden space 2048K, 0% used [0x00000000d5580000,0x00000000d5580000,0x00000000d5780000)
  from space 512K, 50% used [0x00000000d5980000,0x00000000d59c0000,0x00000000d5a00000)
  to   space 1024K, 0% used [0x00000000d5800000,0x00000000d5800000,0x00000000d5900000)
 ParOldGen       total 158208K, used 158141K [0x0000000080000000, 0x0000000089a80000, 0x00000000d5580000)
  object space 158208K, 99% used [0x0000000080000000,0x0000000089a6f5a0,0x0000000089a80000)
 Metaspace       used 68385K, committed 69952K, reserved 1114112K
  class space    used 7069K, committed 7744K, reserved 1048576K
}
Event: 17.026 GC heap before
{Heap before GC invocations=286 (full 3):
 PSYoungGen      total 2560K, used 2245K [0x00000000d5580000, 0x00000000d5a00000, 0x0000000100000000)
  eden space 2048K, 97% used [0x00000000d5580000,0x00000000d5771558,0x00000000d5780000)
  from space 512K, 50% used [0x00000000d5980000,0x00000000d59c0000,0x00000000d5a00000)
  to   space 1024K, 0% used [0x00000000d5800000,0x00000000d5800000,0x00000000d5900000)
 ParOldGen       total 158208K, used 158141K [0x0000000080000000, 0x0000000089a80000, 0x00000000d5580000)
  object space 158208K, 99% used [0x0000000080000000,0x0000000089a6f5a0,0x0000000089a80000)
 Metaspace       used 68385K, committed 69952K, reserved 1114112K
  class space    used 7069K, committed 7744K, reserved 1048576K
}
Event: 17.027 GC heap after
{Heap after GC invocations=286 (full 3):
 PSYoungGen      total 3072K, used 224K [0x00000000d5580000, 0x00000000d5a00000, 0x0000000100000000)
  eden space 2048K, 0% used [0x00000000d5580000,0x00000000d5580000,0x00000000d5780000)
  from space 1024K, 21% used [0x00000000d5800000,0x00000000d5838000,0x00000000d5900000)
  to   space 512K, 0% used [0x00000000d5980000,0x00000000d5980000,0x00000000d5a00000)
 ParOldGen       total 158208K, used 158189K [0x0000000080000000, 0x0000000089a80000, 0x00000000d5580000)
  object space 158208K, 99% used [0x0000000080000000,0x0000000089a7b5a0,0x0000000089a80000)
 Metaspace       used 68385K, committed 69952K, reserved 1114112K
  class space    used 7069K, committed 7744K, reserved 1048576K
}
Event: 17.038 GC heap before
{Heap before GC invocations=287 (full 3):
 PSYoungGen      total 3072K, used 2270K [0x00000000d5580000, 0x00000000d5a00000, 0x0000000100000000)
  eden space 2048K, 99% used [0x00000000d5580000,0x00000000d577fb88,0x00000000d5780000)
  from space 1024K, 21% used [0x00000000d5800000,0x00000000d5838000,0x00000000d5900000)
  to   space 512K, 0% used [0x00000000d5980000,0x00000000d5980000,0x00000000d5a00000)
 ParOldGen       total 158208K, used 158189K [0x0000000080000000, 0x0000000089a80000, 0x00000000d5580000)
  object space 158208K, 99% used [0x0000000080000000,0x0000000089a7b5a0,0x0000000089a80000)
 Metaspace       used 68392K, committed 69952K, reserved 1114112K
  class space    used 7069K, committed 7744K, reserved 1048576K
}
Event: 17.040 GC heap after
{Heap after GC invocations=287 (full 3):
 PSYoungGen      total 2560K, used 320K [0x00000000d5580000, 0x00000000d5a00000, 0x0000000100000000)
  eden space 2048K, 0% used [0x00000000d5580000,0x00000000d5580000,0x00000000d5780000)
  from space 512K, 62% used [0x00000000d5980000,0x00000000d59d0000,0x00000000d5a00000)
  to   space 512K, 0% used [0x00000000d5900000,0x00000000d5900000,0x00000000d5980000)
 ParOldGen       total 158720K, used 158253K [0x0000000080000000, 0x0000000089b00000, 0x00000000d5580000)
  object space 158720K, 99% used [0x0000000080000000,0x0000000089a8b5a0,0x0000000089b00000)
 Metaspace       used 68392K, committed 69952K, reserved 1114112K
  class space    used 7069K, committed 7744K, reserved 1048576K
}
Event: 17.091 GC heap before
{Heap before GC invocations=288 (full 3):
 PSYoungGen      total 2560K, used 2348K [0x00000000d5580000, 0x00000000d5a00000, 0x0000000100000000)
  eden space 2048K, 99% used [0x00000000d5580000,0x00000000d577b098,0x00000000d5780000)
  from space 512K, 62% used [0x00000000d5980000,0x00000000d59d0000,0x00000000d5a00000)
  to   space 512K, 0% used [0x00000000d5900000,0x00000000d5900000,0x00000000d5980000)
 ParOldGen       total 158720K, used 158253K [0x0000000080000000, 0x0000000089b00000, 0x00000000d5580000)
  object space 158720K, 99% used [0x0000000080000000,0x0000000089a8b5a0,0x0000000089b00000)
 Metaspace       used 68412K, committed 69952K, reserved 1114112K
  class space    used 7069K, committed 7744K, reserved 1048576K
}
Event: 17.092 GC heap after
{Heap after GC invocations=288 (full 3):
 PSYoungGen      total 2560K, used 224K [0x00000000d5580000, 0x00000000d5a00000, 0x0000000100000000)
  eden space 2048K, 0% used [0x00000000d5580000,0x00000000d5580000,0x00000000d5780000)
  from space 512K, 43% used [0x00000000d5900000,0x00000000d5938000,0x00000000d5980000)
  to   space 512K, 0% used [0x00000000d5980000,0x00000000d5980000,0x00000000d5a00000)
 ParOldGen       total 158720K, used 158301K [0x0000000080000000, 0x0000000089b00000, 0x00000000d5580000)
  object space 158720K, 99% used [0x0000000080000000,0x0000000089a975a0,0x0000000089b00000)
 Metaspace       used 68412K, committed 69952K, reserved 1114112K
  class space    used 7069K, committed 7744K, reserved 1048576K
}
Event: 31.141 GC heap before
{Heap before GC invocations=289 (full 3):
 PSYoungGen      total 2560K, used 2272K [0x00000000d5580000, 0x00000000d5a00000, 0x0000000100000000)
  eden space 2048K, 100% used [0x00000000d5580000,0x00000000d5780000,0x00000000d5780000)
  from space 512K, 43% used [0x00000000d5900000,0x00000000d5938000,0x00000000d5980000)
  to   space 512K, 0% used [0x00000000d5980000,0x00000000d5980000,0x00000000d5a00000)
 ParOldGen       total 158720K, used 158301K [0x0000000080000000, 0x0000000089b00000, 0x00000000d5580000)
  object space 158720K, 99% used [0x0000000080000000,0x0000000089a975a0,0x0000000089b00000)
 Metaspace       used 68437K, committed 70016K, reserved 1114112K
  class space    used 7070K, committed 7744K, reserved 1048576K
}
Event: 31.142 GC heap after
{Heap after GC invocations=289 (full 3):
 PSYoungGen      total 2560K, used 224K [0x00000000d5580000, 0x00000000d5a00000, 0x0000000100000000)
  eden space 2048K, 0% used [0x00000000d5580000,0x00000000d5580000,0x00000000d5780000)
  from space 512K, 43% used [0x00000000d5980000,0x00000000d59b8000,0x00000000d5a00000)
  to   space 512K, 0% used [0x00000000d5900000,0x00000000d5900000,0x00000000d5980000)
 ParOldGen       total 158720K, used 158341K [0x0000000080000000, 0x0000000089b00000, 0x00000000d5580000)
  object space 158720K, 99% used [0x0000000080000000,0x0000000089aa15a0,0x0000000089b00000)
 Metaspace       used 68437K, committed 70016K, reserved 1114112K
  class space    used 7070K, committed 7744K, reserved 1048576K
}
Event: 32.156 GC heap before
{Heap before GC invocations=290 (full 3):
 PSYoungGen      total 2560K, used 2272K [0x00000000d5580000, 0x00000000d5a00000, 0x0000000100000000)
  eden space 2048K, 100% used [0x00000000d5580000,0x00000000d5780000,0x00000000d5780000)
  from space 512K, 43% used [0x00000000d5980000,0x00000000d59b8000,0x00000000d5a00000)
  to   space 512K, 0% used [0x00000000d5900000,0x00000000d5900000,0x00000000d5980000)
 ParOldGen       total 158720K, used 158341K [0x0000000080000000, 0x0000000089b00000, 0x00000000d5580000)
  object space 158720K, 99% used [0x0000000080000000,0x0000000089aa15a0,0x0000000089b00000)
 Metaspace       used 68462K, committed 70016K, reserved 1114112K
  class space    used 7070K, committed 7744K, reserved 1048576K
}
Event: 32.158 GC heap after
{Heap after GC invocations=290 (full 3):
 PSYoungGen      total 2560K, used 480K [0x00000000d5580000, 0x00000000d5a00000, 0x0000000100000000)
  eden space 2048K, 0% used [0x00000000d5580000,0x00000000d5580000,0x00000000d5780000)
  from space 512K, 93% used [0x00000000d5900000,0x00000000d5978030,0x00000000d5980000)
  to   space 512K, 0% used [0x00000000d5980000,0x00000000d5980000,0x00000000d5a00000)
 ParOldGen       total 158720K, used 158629K [0x0000000080000000, 0x0000000089b00000, 0x00000000d5580000)
  object space 158720K, 99% used [0x0000000080000000,0x0000000089ae95b0,0x0000000089b00000)
 Metaspace       used 68462K, committed 70016K, reserved 1114112K
  class space    used 7070K, committed 7744K, reserved 1048576K
}
Event: 56.540 GC heap before
{Heap before GC invocations=291 (full 3):
 PSYoungGen      total 2560K, used 2527K [0x00000000d5580000, 0x00000000d5a00000, 0x0000000100000000)
  eden space 2048K, 99% used [0x00000000d5580000,0x00000000d577ffc8,0x00000000d5780000)
  from space 512K, 93% used [0x00000000d5900000,0x00000000d5978030,0x00000000d5980000)
  to   space 512K, 0% used [0x00000000d5980000,0x00000000d5980000,0x00000000d5a00000)
 ParOldGen       total 158720K, used 158629K [0x0000000080000000, 0x0000000089b00000, 0x00000000d5580000)
  object space 158720K, 99% used [0x0000000080000000,0x0000000089ae95b0,0x0000000089b00000)
 Metaspace       used 68506K, committed 70080K, reserved 1114112K
  class space    used 7076K, committed 7744K, reserved 1048576K
}
Event: 56.542 GC heap after
{Heap after GC invocations=291 (full 3):
 PSYoungGen      total 2560K, used 320K [0x00000000d5580000, 0x00000000d5a00000, 0x0000000100000000)
  eden space 2048K, 0% used [0x00000000d5580000,0x00000000d5580000,0x00000000d5780000)
  from space 512K, 62% used [0x00000000d5980000,0x00000000d59d0000,0x00000000d5a00000)
  to   space 512K, 0% used [0x00000000d5900000,0x00000000d5900000,0x00000000d5980000)
 ParOldGen       total 159232K, used 158773K [0x0000000080000000, 0x0000000089b80000, 0x00000000d5580000)
  object space 159232K, 99% used [0x0000000080000000,0x0000000089b0d5b0,0x0000000089b80000)
 Metaspace       used 68506K, committed 70080K, reserved 1114112K
  class space    used 7076K, committed 7744K, reserved 1048576K
}
Event: 56.564 GC heap before
{Heap before GC invocations=292 (full 3):
 PSYoungGen      total 2560K, used 2368K [0x00000000d5580000, 0x00000000d5a00000, 0x0000000100000000)
  eden space 2048K, 100% used [0x00000000d5580000,0x00000000d5780000,0x00000000d5780000)
  from space 512K, 62% used [0x00000000d5980000,0x00000000d59d0000,0x00000000d5a00000)
  to   space 512K, 0% used [0x00000000d5900000,0x00000000d5900000,0x00000000d5980000)
 ParOldGen       total 159232K, used 158773K [0x0000000080000000, 0x0000000089b80000, 0x00000000d5580000)
  object space 159232K, 99% used [0x0000000080000000,0x0000000089b0d5b0,0x0000000089b80000)
 Metaspace       used 68515K, committed 70080K, reserved 1114112K
  class space    used 7076K, committed 7744K, reserved 1048576K
}
Event: 58.560 GC heap after
{Heap after GC invocations=292 (full 3):
 PSYoungGen      total 3072K, used 160K [0x00000000d5580000, 0x00000000d5a00000, 0x0000000100000000)
  eden space 2560K, 0% used [0x00000000d5580000,0x00000000d5580000,0x00000000d5800000)
  from space 512K, 31% used [0x00000000d5900000,0x00000000d5928000,0x00000000d5980000)
  to   space 512K, 0% used [0x00000000d5980000,0x00000000d5980000,0x00000000d5a00000)
 ParOldGen       total 159232K, used 158925K [0x0000000080000000, 0x0000000089b80000, 0x00000000d5580000)
  object space 159232K, 99% used [0x0000000080000000,0x0000000089b335b0,0x0000000089b80000)
 Metaspace       used 68515K, committed 70080K, reserved 1114112K
  class space    used 7076K, committed 7744K, reserved 1048576K
}

