# JRE version: OpenJDK Runtime Environment Temurin-21.0.9+10 (21.0.9+10) (build 21.0.9+10-LTS)
# Java VM: OpenJDK 64-Bit Server VM Temurin-21.0.9+10 (21.0.9+10-LTS, mixed mode, sharing, tiered, compressed oops, compressed class ptrs, parallel gc, windows-amd64)
GC Precious Log:
 CardTable entry size: 512
 CPUs: 12 total, 12 available
 Memory: 7896M
 Large Page Support: Disabled
 NUMA Support: Disabled
 Compressed Oops: Enabled (32-bit)
 Alignments: Space 512K, Generation 512K, Heap 2M
 Heap Min Capacity: 100M
 Heap Initial Capacity: 100M
 Heap Max Capacity: 2G
 Pre-touch: Disabled
 Parallel Workers: 10
Heap:
 PSYoungGen      total 5632K, used 1150K [0x00000000d5580000, 0x00000000d5d80000, 0x0000000100000000)
  eden space 5120K, 12% used [0x00000000d5580000,0x00000000d561f848,0x00000000d5a80000)
  from space 512K, 100% used [0x00000000d5c00000,0x00000000d5c80000,0x00000000d5c80000)
  to   space 1536K, 0% used [0x00000000d5a80000,0x00000000d5a80000,0x00000000d5c00000)
 ParOldGen       total 304640K, used 304535K [0x0000000080000000, 0x0000000092980000, 0x00000000d5580000)
  object space 304640K, 99% used [0x0000000080000000,0x0000000092965e60,0x0000000092980000)
 Metaspace       used 71244K, committed 72832K, reserved 1114112K
  class space    used 7356K, committed 8064K, reserved 1048576K
GC Heap History (20 events):
Event: 115.588 GC heap before
{Heap before GC invocations=296 (full 3):
 PSYoungGen      total 6144K, used 5861K [0x00000000d5580000, 0x00000000d5d00000, 0x0000000100000000)
  eden space 5120K, 100% used [0x00000000d5580000,0x00000000d5a80000,0x00000000d5a80000)
  from space 1024K, 72% used [0x00000000d5c00000,0x00000000d5cb96e0,0x00000000d5d00000)
  to   space 1024K, 0% used [0x00000000d5b00000,0x00000000d5b00000,0x00000000d5c00000)
 ParOldGen       total 266752K, used 266643K [0x0000000080000000, 0x0000000090480000, 0x00000000d5580000)
  object space 266752K, 99% used [0x0000000080000000,0x0000000090464da0,0x0000000090480000)
 Metaspace       used 71133K, committed 72704K, reserved 1114112K
  class space    used 7351K, committed 8064K, reserved 1048576K
}
Event: 115.590 GC heap after
{Heap after GC invocations=296 (full 3):
 PSYoungGen      total 6144K, used 1021K [0x00000000d5580000, 0x00000000d5e80000, 0x0000000100000000)
  eden space 5120K, 0% used [0x00000000d5580000,0x00000000d5580000,0x00000000d5a80000)
  from space 1024K, 99% used [0x00000000d5b00000,0x00000000d5bff6f0,0x00000000d5c00000)
  to   space 2048K, 0% used [0x00000000d5c80000,0x00000000d5c80000,0x00000000d5e80000)
 ParOldGen       total 267776K, used 267289K [0x0000000080000000, 0x0000000090580000, 0x00000000d5580000)
  object space 267776K, 99% used [0x0000000080000000,0x00000000905065a8,0x0000000090580000)
 Metaspace       used 71133K, committed 72704K, reserved 1114112K
  class space    used 7351K, committed 8064K, reserved 1048576K
}
Event: 115.620 GC heap before
{Heap before GC invocations=297 (full 3):
 PSYoungGen      total 6144K, used 6141K [0x00000000d5580000, 0x00000000d5e80000, 0x0000000100000000)
  eden space 5120K, 99% used [0x00000000d5580000,0x00000000d5a7feb8,0x00000000d5a80000)
  from space 1024K, 99% used [0x00000000d5b00000,0x00000000d5bff6f0,0x00000000d5c00000)
  to   space 2048K, 0% used [0x00000000d5c80000,0x00000000d5c80000,0x00000000d5e80000)
 ParOldGen       total 267776K, used 267289K [0x0000000080000000, 0x0000000090580000, 0x00000000d5580000)
  object space 267776K, 99% used [0x0000000080000000,0x00000000905065a8,0x0000000090580000)
 Metaspace       used 71164K, committed 72768K, reserved 1114112K
  class space    used 7352K, committed 8064K, reserved 1048576K
}
Event: 115.622 GC heap after
{Heap after GC invocations=297 (full 3):
 PSYoungGen      total 6656K, used 1327K [0x00000000d5580000, 0x00000000d5e00000, 0x0000000100000000)
  eden space 5120K, 0% used [0x00000000d5580000,0x00000000d5580000,0x00000000d5a80000)
  from space 1536K, 86% used [0x00000000d5c80000,0x00000000d5dcbcb0,0x00000000d5e00000)
  to   space 1536K, 0% used [0x00000000d5b00000,0x00000000d5b00000,0x00000000d5c80000)
 ParOldGen       total 268288K, used 268280K [0x0000000080000000, 0x0000000090600000, 0x00000000d5580000)
  object space 268288K, 99% used [0x0000000080000000,0x00000000905fe2f8,0x0000000090600000)
 Metaspace       used 71164K, committed 72768K, reserved 1114112K
  class space    used 7352K, committed 8064K, reserved 1048576K
}
Event: 115.645 GC heap before
{Heap before GC invocations=298 (full 3):
 PSYoungGen      total 6656K, used 6447K [0x00000000d5580000, 0x00000000d5e00000, 0x0000000100000000)
  eden space 5120K, 100% used [0x00000000d5580000,0x00000000d5a80000,0x00000000d5a80000)
  from space 1536K, 86% used [0x00000000d5c80000,0x00000000d5dcbcb0,0x00000000d5e00000)
  to   space 1536K, 0% used [0x00000000d5b00000,0x00000000d5b00000,0x00000000d5c80000)
 ParOldGen       total 268288K, used 268280K [0x0000000080000000, 0x0000000090600000, 0x00000000d5580000)
  object space 268288K, 99% used [0x0000000080000000,0x00000000905fe2f8,0x0000000090600000)
 Metaspace       used 71176K, committed 72768K, reserved 1114112K
  class space    used 7353K, committed 8064K, reserved 1048576K
}
Event: 115.647 GC heap after
{Heap after GC invocations=298 (full 3):
 PSYoungGen      total 6656K, used 1440K [0x00000000d5580000, 0x00000000d5d80000, 0x0000000100000000)
  eden space 5120K, 0% used [0x00000000d5580000,0x00000000d5580000,0x00000000d5a80000)
  from space 1536K, 93% used [0x00000000d5b00000,0x00000000d5c68000,0x00000000d5c80000)
  to   space 1024K, 0% used [0x00000000d5c80000,0x00000000d5c80000,0x00000000d5d80000)
 ParOldGen       total 269824K, used 269435K [0x0000000080000000, 0x0000000090780000, 0x00000000d5580000)
  object space 269824K, 99% used [0x0000000080000000,0x000000009071ef30,0x0000000090780000)
 Metaspace       used 71176K, committed 72768K, reserved 1114112K
  class space    used 7353K, committed 8064K, reserved 1048576K
}
Event: 115.658 GC heap before
{Heap before GC invocations=299 (full 3):
 PSYoungGen      total 6656K, used 6560K [0x00000000d5580000, 0x00000000d5d80000, 0x0000000100000000)
  eden space 5120K, 100% used [0x00000000d5580000,0x00000000d5a80000,0x00000000d5a80000)
  from space 1536K, 93% used [0x00000000d5b00000,0x00000000d5c68000,0x00000000d5c80000)
  to   space 1024K, 0% used [0x00000000d5c80000,0x00000000d5c80000,0x00000000d5d80000)
 ParOldGen       total 269824K, used 269435K [0x0000000080000000, 0x0000000090780000, 0x00000000d5580000)
  object space 269824K, 99% used [0x0000000080000000,0x000000009071ef30,0x0000000090780000)
 Metaspace       used 71176K, committed 72768K, reserved 1114112K
  class space    used 7353K, committed 8064K, reserved 1048576K
}
Event: 115.661 GC heap after
{Heap after GC invocations=299 (full 3):
 PSYoungGen      total 6144K, used 734K [0x00000000d5580000, 0x00000000d5d80000, 0x0000000100000000)
  eden space 5120K, 0% used [0x00000000d5580000,0x00000000d5580000,0x00000000d5a80000)
  from space 1024K, 71% used [0x00000000d5c80000,0x00000000d5d37bf8,0x00000000d5d80000)
  to   space 1024K, 0% used [0x00000000d5b80000,0x00000000d5b80000,0x00000000d5c80000)
 ParOldGen       total 270848K, used 270688K [0x0000000080000000, 0x0000000090880000, 0x00000000d5580000)
  object space 270848K, 99% used [0x0000000080000000,0x00000000908581f8,0x0000000090880000)
 Metaspace       used 71176K, committed 72768K, reserved 1114112K
  class space    used 7353K, committed 8064K, reserved 1048576K
}
Event: 116.704 GC heap before
{Heap before GC invocations=300 (full 3):
 PSYoungGen      total 6144K, used 5854K [0x00000000d5580000, 0x00000000d5d80000, 0x0000000100000000)
  eden space 5120K, 100% used [0x00000000d5580000,0x00000000d5a80000,0x00000000d5a80000)
  from space 1024K, 71% used [0x00000000d5c80000,0x00000000d5d37bf8,0x00000000d5d80000)
  to   space 1024K, 0% used [0x00000000d5b80000,0x00000000d5b80000,0x00000000d5c80000)
 ParOldGen       total 302592K, used 301408K [0x0000000080000000, 0x0000000092780000, 0x00000000d5580000)
  object space 302592K, 99% used [0x0000000080000000,0x0000000092658228,0x0000000092780000)
 Metaspace       used 71190K, committed 72768K, reserved 1114112K
  class space    used 7353K, committed 8064K, reserved 1048576K
}
Event: 116.707 GC heap after
{Heap after GC invocations=300 (full 3):
 PSYoungGen      total 6144K, used 964K [0x00000000d5580000, 0x00000000d5d00000, 0x0000000100000000)
  eden space 5120K, 0% used [0x00000000d5580000,0x00000000d5580000,0x00000000d5a80000)
  from space 1024K, 94% used [0x00000000d5b80000,0x00000000d5c71210,0x00000000d5c80000)
  to   space 512K, 0% used [0x00000000d5c80000,0x00000000d5c80000,0x00000000d5d00000)
 ParOldGen       total 302592K, used 301978K [0x0000000080000000, 0x0000000092780000, 0x00000000d5580000)
  object space 302592K, 99% used [0x0000000080000000,0x00000000926e6b10,0x0000000092780000)
 Metaspace       used 71190K, committed 72768K, reserved 1114112K
  class space    used 7353K, committed 8064K, reserved 1048576K
}
Event: 116.716 GC heap before
{Heap before GC invocations=301 (full 3):
 PSYoungGen      total 6144K, used 6084K [0x00000000d5580000, 0x00000000d5d00000, 0x0000000100000000)
  eden space 5120K, 100% used [0x00000000d5580000,0x00000000d5a80000,0x00000000d5a80000)
  from space 1024K, 94% used [0x00000000d5b80000,0x00000000d5c71210,0x00000000d5c80000)
  to   space 512K, 0% used [0x00000000d5c80000,0x00000000d5c80000,0x00000000d5d00000)
 ParOldGen       total 302592K, used 301978K [0x0000000080000000, 0x0000000092780000, 0x00000000d5580000)
  object space 302592K, 99% used [0x0000000080000000,0x00000000926e6b10,0x0000000092780000)
 Metaspace       used 71196K, committed 72768K, reserved 1114112K
  class space    used 7353K, committed 8064K, reserved 1048576K
}
Event: 116.718 GC heap after
{Heap after GC invocations=301 (full 3):
 PSYoungGen      total 5632K, used 480K [0x00000000d5580000, 0x00000000d5d80000, 0x0000000100000000)
  eden space 5120K, 0% used [0x00000000d5580000,0x00000000d5580000,0x00000000d5a80000)
  from space 512K, 93% used [0x00000000d5c80000,0x00000000d5cf8020,0x00000000d5d00000)
  to   space 1536K, 0% used [0x00000000d5a80000,0x00000000d5a80000,0x00000000d5c00000)
 ParOldGen       total 303104K, used 302695K [0x0000000080000000, 0x0000000092800000, 0x00000000d5580000)
  object space 303104K, 99% used [0x0000000080000000,0x0000000092799dc0,0x0000000092800000)
 Metaspace       used 71196K, committed 72768K, reserved 1114112K
  class space    used 7353K, committed 8064K, reserved 1048576K
}
Event: 116.724 GC heap before
{Heap before GC invocations=302 (full 3):
 PSYoungGen      total 5632K, used 5600K [0x00000000d5580000, 0x00000000d5d80000, 0x0000000100000000)
  eden space 5120K, 99% used [0x00000000d5580000,0x00000000d5a7fff8,0x00000000d5a80000)
  from space 512K, 93% used [0x00000000d5c80000,0x00000000d5cf8020,0x00000000d5d00000)
  to   space 1536K, 0% used [0x00000000d5a80000,0x00000000d5a80000,0x00000000d5c00000)
 ParOldGen       total 303104K, used 302695K [0x0000000080000000, 0x0000000092800000, 0x00000000d5580000)
  object space 303104K, 99% used [0x0000000080000000,0x0000000092799dc0,0x0000000092800000)
 Metaspace       used 71201K, committed 72768K, reserved 1114112K
  class space    used 7353K, committed 8064K, reserved 1048576K
}
Event: 116.726 GC heap after
{Heap after GC invocations=302 (full 3):
 PSYoungGen      total 6656K, used 528K [0x00000000d5580000, 0x00000000d5d00000, 0x0000000100000000)
  eden space 5120K, 0% used [0x00000000d5580000,0x00000000d5580000,0x00000000d5a80000)
  from space 1536K, 34% used [0x00000000d5a80000,0x00000000d5b04010,0x00000000d5c00000)
  to   space 1024K, 0% used [0x00000000d5c00000,0x00000000d5c00000,0x00000000d5d00000)
 ParOldGen       total 303616K, used 303127K [0x0000000080000000, 0x0000000092880000, 0x00000000d5580000)
  object space 303616K, 99% used [0x0000000080000000,0x0000000092805de0,0x0000000092880000)
 Metaspace       used 71201K, committed 72768K, reserved 1114112K
  class space    used 7353K, committed 8064K, reserved 1048576K
}
Event: 116.731 GC heap before
{Heap before GC invocations=303 (full 3):
 PSYoungGen      total 6656K, used 5648K [0x00000000d5580000, 0x00000000d5d00000, 0x0000000100000000)
  eden space 5120K, 100% used [0x00000000d5580000,0x00000000d5a80000,0x00000000d5a80000)
  from space 1536K, 34% used [0x00000000d5a80000,0x00000000d5b04010,0x00000000d5c00000)
  to   space 1024K, 0% used [0x00000000d5c00000,0x00000000d5c00000,0x00000000d5d00000)
 ParOldGen       total 303616K, used 303127K [0x0000000080000000, 0x0000000092880000, 0x00000000d5580000)
  object space 303616K, 99% used [0x0000000080000000,0x0000000092805de0,0x0000000092880000)
 Metaspace       used 71201K, committed 72768K, reserved 1114112K
  class space    used 7353K, committed 8064K, reserved 1048576K
}
Event: 116.733 GC heap after
{Heap after GC invocations=303 (full 3):
 PSYoungGen      total 6144K, used 544K [0x00000000d5580000, 0x00000000d5d00000, 0x0000000100000000)
  eden space 5120K, 0% used [0x00000000d5580000,0x00000000d5580000,0x00000000d5a80000)
  from space 1024K, 53% used [0x00000000d5c00000,0x00000000d5c88020,0x00000000d5d00000)
  to   space 1024K, 0% used [0x00000000d5b00000,0x00000000d5b00000,0x00000000d5c00000)
 ParOldGen       total 303616K, used 303487K [0x0000000080000000, 0x0000000092880000, 0x00000000d5580000)
  object space 303616K, 99% used [0x0000000080000000,0x000000009285fe00,0x0000000092880000)
 Metaspace       used 71201K, committed 72768K, reserved 1114112K
  class space    used 7353K, committed 8064K, reserved 1048576K
}
Event: 116.740 GC heap before
{Heap before GC invocations=304 (full 3):
 PSYoungGen      total 6144K, used 5664K [0x00000000d5580000, 0x00000000d5d00000, 0x0000000100000000)
  eden space 5120K, 100% used [0x00000000d5580000,0x00000000d5a80000,0x00000000d5a80000)
  from space 1024K, 53% used [0x00000000d5c00000,0x00000000d5c88020,0x00000000d5d00000)
  to   space 1024K, 0% used [0x00000000d5b00000,0x00000000d5b00000,0x00000000d5c00000)
 ParOldGen       total 303616K, used 303487K [0x0000000080000000, 0x0000000092880000, 0x00000000d5580000)
  object space 303616K, 99% used [0x0000000080000000,0x000000009285fe00,0x0000000092880000)
 Metaspace       used 71208K, committed 72768K, reserved 1114112K
  class space    used 7355K, committed 8064K, reserved 1048576K
}
Event: 116.742 GC heap after
{Heap after GC invocations=304 (full 3):
 PSYoungGen      total 6144K, used 608K [0x00000000d5580000, 0x00000000d5c80000, 0x0000000100000000)
  eden space 5120K, 0% used [0x00000000d5580000,0x00000000d5580000,0x00000000d5a80000)
  from space 1024K, 59% used [0x00000000d5b00000,0x00000000d5b98020,0x00000000d5c00000)
  to   space 512K, 0% used [0x00000000d5c00000,0x00000000d5c00000,0x00000000d5c80000)
 ParOldGen       total 304128K, used 303887K [0x0000000080000000, 0x0000000092900000, 0x00000000d5580000)
  object space 304128K, 99% used [0x0000000080000000,0x00000000928c3e20,0x0000000092900000)
 Metaspace       used 71208K, committed 72768K, reserved 1114112K
  class space    used 7355K, committed 8064K, reserved 1048576K
}
Event: 116.760 GC heap before
{Heap before GC invocations=305 (full 3):
 PSYoungGen      total 6144K, used 5727K [0x00000000d5580000, 0x00000000d5c80000, 0x0000000100000000)
  eden space 5120K, 99% used [0x00000000d5580000,0x00000000d5a7ffd8,0x00000000d5a80000)
  from space 1024K, 59% used [0x00000000d5b00000,0x00000000d5b98020,0x00000000d5c00000)
  to   space 512K, 0% used [0x00000000d5c00000,0x00000000d5c00000,0x00000000d5c80000)
 ParOldGen       total 304128K, used 303887K [0x0000000080000000, 0x0000000092900000, 0x00000000d5580000)
  object space 304128K, 99% used [0x0000000080000000,0x00000000928c3e20,0x0000000092900000)
 Metaspace       used 71218K, committed 72768K, reserved 1114112K
  class space    used 7356K, committed 8064K, reserved 1048576K
}
Event: 116.762 GC heap after
{Heap after GC invocations=305 (full 3):
 PSYoungGen      total 5632K, used 512K [0x00000000d5580000, 0x00000000d5d80000, 0x0000000100000000)
  eden space 5120K, 0% used [0x00000000d5580000,0x00000000d5580000,0x00000000d5a80000)
  from space 512K, 100% used [0x00000000d5c00000,0x00000000d5c80000,0x00000000d5c80000)
  to   space 1536K, 0% used [0x00000000d5a80000,0x00000000d5a80000,0x00000000d5c00000)
 ParOldGen       total 304640K, used 304535K [0x0000000080000000, 0x0000000092980000, 0x00000000d5580000)
  object space 304640K, 99% used [0x0000000080000000,0x0000000092965e60,0x0000000092980000)
 Metaspace       used 71218K, committed 72768K, reserved 1114112K
  class space    used 7356K, committed 8064K, reserved 1048576K
}

