# JRE version: OpenJDK Runtime Environment Temurin-21.0.9+10 (21.0.9+10) (build 21.0.9+10-LTS)
# Java VM: OpenJDK 64-Bit Server VM Temurin-21.0.9+10 (21.0.9+10-LTS, mixed mode, sharing, tiered, compressed oops, compressed class ptrs, parallel gc, windows-amd64)
GC Precious Log:
 CardTable entry size: 512
 CPUs: 12 total, 12 available
 Memory: 7896M
 Large Page Support: Disabled
 NUMA Support: Disabled
 Compressed Oops: Enabled (32-bit)
 Alignments: Space 512K, Generation 512K, Heap 2M
 Heap Min Capacity: 100M
 Heap Initial Capacity: 100M
 Heap Max Capacity: 2G
 Pre-touch: Disabled
 Parallel Workers: 10
Heap:
 PSYoungGen      total 4096K, used 4096K [0x00000000d5580000, 0x00000000d5e80000, 0x0000000100000000)
  eden space 3072K, 100% used [0x00000000d5580000,0x00000000d5880000,0x00000000d5880000)
  from space 1024K, 100% used [0x00000000d5880000,0x00000000d5980000,0x00000000d5980000)
  to   space 2560K, 15% used [0x00000000d5c00000,0x00000000d5c60000,0x00000000d5e80000)
 ParOldGen       total 311296K, used 311290K [0x0000000080000000, 0x0000000093000000, 0x00000000d5580000)
  object space 311296K, 99% used [0x0000000080000000,0x0000000092ffea98,0x0000000093000000)
 Metaspace       used 70959K, committed 72640K, reserved 1114112K
  class space    used 7247K, committed 8000K, reserved 1048576K
GC Heap History (20 events):
Event: 558.478 GC heap after
{Heap after GC invocations=348 (full 3):
 PSYoungGen      total 5120K, used 640K [0x00000000d5580000, 0x00000000d5b80000, 0x0000000100000000)
  eden space 3584K, 0% used [0x00000000d5580000,0x00000000d5580000,0x00000000d5900000)
  from space 1536K, 41% used [0x00000000d5900000,0x00000000d59a0020,0x00000000d5a80000)
  to   space 1024K, 0% used [0x00000000d5a80000,0x00000000d5a80000,0x00000000d5b80000)
 ParOldGen       total 305664K, used 305531K [0x0000000080000000, 0x0000000092a80000, 0x00000000d5580000)
  object space 305664K, 99% used [0x0000000080000000,0x0000000092a5ef08,0x0000000092a80000)
 Metaspace       used 70776K, committed 72512K, reserved 1114112K
  class space    used 7247K, committed 8000K, reserved 1048576K
}
Event: 558.494 GC heap before
{Heap before GC invocations=349 (full 3):
 PSYoungGen      total 5120K, used 4224K [0x00000000d5580000, 0x00000000d5b80000, 0x0000000100000000)
  eden space 3584K, 100% used [0x00000000d5580000,0x00000000d5900000,0x00000000d5900000)
  from space 1536K, 41% used [0x00000000d5900000,0x00000000d59a0020,0x00000000d5a80000)
  to   space 1024K, 0% used [0x00000000d5a80000,0x00000000d5a80000,0x00000000d5b80000)
 ParOldGen       total 305664K, used 305531K [0x0000000080000000, 0x0000000092a80000, 0x00000000d5580000)
  object space 305664K, 99% used [0x0000000080000000,0x0000000092a5ef08,0x0000000092a80000)
 Metaspace       used 70795K, committed 72512K, reserved 1114112K
  class space    used 7247K, committed 8000K, reserved 1048576K
}
Event: 558.496 GC heap after
{Heap after GC invocations=349 (full 3):
 PSYoungGen      total 4096K, used 448K [0x00000000d5580000, 0x00000000d5b00000, 0x0000000100000000)
  eden space 3584K, 0% used [0x00000000d5580000,0x00000000d5580000,0x00000000d5900000)
  from space 512K, 87% used [0x00000000d5a80000,0x00000000d5af0000,0x00000000d5b00000)
  to   space 1024K, 0% used [0x00000000d5900000,0x00000000d5900000,0x00000000d5a00000)
 ParOldGen       total 306176K, used 306051K [0x0000000080000000, 0x0000000092b00000, 0x00000000d5580000)
  object space 306176K, 99% used [0x0000000080000000,0x0000000092ae0f28,0x0000000092b00000)
 Metaspace       used 70795K, committed 72512K, reserved 1114112K
  class space    used 7247K, committed 8000K, reserved 1048576K
}
Event: 558.501 GC heap before
{Heap before GC invocations=350 (full 3):
 PSYoungGen      total 4096K, used 4032K [0x00000000d5580000, 0x00000000d5b00000, 0x0000000100000000)
  eden space 3584K, 100% used [0x00000000d5580000,0x00000000d5900000,0x00000000d5900000)
  from space 512K, 87% used [0x00000000d5a80000,0x00000000d5af0000,0x00000000d5b00000)
  to   space 1024K, 0% used [0x00000000d5900000,0x00000000d5900000,0x00000000d5a00000)
 ParOldGen       total 306176K, used 306051K [0x0000000080000000, 0x0000000092b00000, 0x00000000d5580000)
  object space 306176K, 99% used [0x0000000080000000,0x0000000092ae0f28,0x0000000092b00000)
 Metaspace       used 70799K, committed 72512K, reserved 1114112K
  class space    used 7247K, committed 8000K, reserved 1048576K
}
Event: 558.502 GC heap after
{Heap after GC invocations=350 (full 3):
 PSYoungGen      total 4608K, used 560K [0x00000000d5580000, 0x00000000d5b00000, 0x0000000100000000)
  eden space 3584K, 0% used [0x00000000d5580000,0x00000000d5580000,0x00000000d5900000)
  from space 1024K, 54% used [0x00000000d5900000,0x00000000d598c010,0x00000000d5a00000)
  to   space 1024K, 0% used [0x00000000d5a00000,0x00000000d5a00000,0x00000000d5b00000)
 ParOldGen       total 306688K, used 306315K [0x0000000080000000, 0x0000000092b80000, 0x00000000d5580000)
  object space 306688K, 99% used [0x0000000080000000,0x0000000092b22f28,0x0000000092b80000)
 Metaspace       used 70799K, committed 72512K, reserved 1114112K
  class space    used 7247K, committed 8000K, reserved 1048576K
}
Event: 558.518 GC heap before
{Heap before GC invocations=351 (full 3):
 PSYoungGen      total 4608K, used 4144K [0x00000000d5580000, 0x00000000d5b00000, 0x0000000100000000)
  eden space 3584K, 100% used [0x00000000d5580000,0x00000000d5900000,0x00000000d5900000)
  from space 1024K, 54% used [0x00000000d5900000,0x00000000d598c010,0x00000000d5a00000)
  to   space 1024K, 0% used [0x00000000d5a00000,0x00000000d5a00000,0x00000000d5b00000)
 ParOldGen       total 306688K, used 306315K [0x0000000080000000, 0x0000000092b80000, 0x00000000d5580000)
  object space 306688K, 99% used [0x0000000080000000,0x0000000092b22f28,0x0000000092b80000)
 Metaspace       used 70825K, committed 72512K, reserved 1114112K
  class space    used 7247K, committed 8000K, reserved 1048576K
}
Event: 558.520 GC heap after
{Heap after GC invocations=351 (full 3):
 PSYoungGen      total 4096K, used 1008K [0x00000000d5580000, 0x00000000d5c00000, 0x0000000100000000)
  eden space 3072K, 0% used [0x00000000d5580000,0x00000000d5580000,0x00000000d5880000)
  from space 1024K, 98% used [0x00000000d5a00000,0x00000000d5afc030,0x00000000d5b00000)
  to   space 1536K, 0% used [0x00000000d5880000,0x00000000d5880000,0x00000000d5a00000)
 ParOldGen       total 306688K, used 306667K [0x0000000080000000, 0x0000000092b80000, 0x00000000d5580000)
  object space 306688K, 99% used [0x0000000080000000,0x0000000092b7af28,0x0000000092b80000)
 Metaspace       used 70825K, committed 72512K, reserved 1114112K
  class space    used 7247K, committed 8000K, reserved 1048576K
}
Event: 558.529 GC heap before
{Heap before GC invocations=352 (full 3):
 PSYoungGen      total 4096K, used 4080K [0x00000000d5580000, 0x00000000d5c00000, 0x0000000100000000)
  eden space 3072K, 100% used [0x00000000d5580000,0x00000000d5880000,0x00000000d5880000)
  from space 1024K, 98% used [0x00000000d5a00000,0x00000000d5afc030,0x00000000d5b00000)
  to   space 1536K, 0% used [0x00000000d5880000,0x00000000d5880000,0x00000000d5a00000)
 ParOldGen       total 306688K, used 306667K [0x0000000080000000, 0x0000000092b80000, 0x00000000d5580000)
  object space 306688K, 99% used [0x0000000080000000,0x0000000092b7af28,0x0000000092b80000)
 Metaspace       used 70839K, committed 72576K, reserved 1114112K
  class space    used 7247K, committed 8000K, reserved 1048576K
}
Event: 558.531 GC heap after
{Heap after GC invocations=352 (full 3):
 PSYoungGen      total 4608K, used 1280K [0x00000000d5580000, 0x00000000d5b80000, 0x0000000100000000)
  eden space 3072K, 0% used [0x00000000d5580000,0x00000000d5580000,0x00000000d5880000)
  from space 1536K, 83% used [0x00000000d5880000,0x00000000d59c0000,0x00000000d5a00000)
  to   space 1536K, 0% used [0x00000000d5a00000,0x00000000d5a00000,0x00000000d5b80000)
 ParOldGen       total 307712K, used 307523K [0x0000000080000000, 0x0000000092c80000, 0x00000000d5580000)
  object space 307712K, 99% used [0x0000000080000000,0x0000000092c50f58,0x0000000092c80000)
 Metaspace       used 70839K, committed 72576K, reserved 1114112K
  class space    used 7247K, committed 8000K, reserved 1048576K
}
Event: 558.539 GC heap before
{Heap before GC invocations=353 (full 3):
 PSYoungGen      total 4608K, used 4352K [0x00000000d5580000, 0x00000000d5b80000, 0x0000000100000000)
  eden space 3072K, 100% used [0x00000000d5580000,0x00000000d5880000,0x00000000d5880000)
  from space 1536K, 83% used [0x00000000d5880000,0x00000000d59c0000,0x00000000d5a00000)
  to   space 1536K, 0% used [0x00000000d5a00000,0x00000000d5a00000,0x00000000d5b80000)
 ParOldGen       total 307712K, used 307523K [0x0000000080000000, 0x0000000092c80000, 0x00000000d5580000)
  object space 307712K, 99% used [0x0000000080000000,0x0000000092c50f58,0x0000000092c80000)
 Metaspace       used 70840K, committed 72576K, reserved 1114112K
  class space    used 7247K, committed 8000K, reserved 1048576K
}
Event: 558.542 GC heap after
{Heap after GC invocations=353 (full 3):
 PSYoungGen      total 3584K, used 400K [0x00000000d5580000, 0x00000000d5a80000, 0x0000000100000000)
  eden space 3072K, 0% used [0x00000000d5580000,0x00000000d5580000,0x00000000d5880000)
  from space 512K, 78% used [0x00000000d5a00000,0x00000000d5a64010,0x00000000d5a80000)
  to   space 1024K, 0% used [0x00000000d5880000,0x00000000d5880000,0x00000000d5980000)
 ParOldGen       total 308736K, used 308603K [0x0000000080000000, 0x0000000092d80000, 0x00000000d5580000)
  object space 308736K, 99% used [0x0000000080000000,0x0000000092d5ef58,0x0000000092d80000)
 Metaspace       used 70840K, committed 72576K, reserved 1114112K
  class space    used 7247K, committed 8000K, reserved 1048576K
}
Event: 558.551 GC heap before
{Heap before GC invocations=354 (full 3):
 PSYoungGen      total 3584K, used 3472K [0x00000000d5580000, 0x00000000d5a80000, 0x0000000100000000)
  eden space 3072K, 100% used [0x00000000d5580000,0x00000000d5880000,0x00000000d5880000)
  from space 512K, 78% used [0x00000000d5a00000,0x00000000d5a64010,0x00000000d5a80000)
  to   space 1024K, 0% used [0x00000000d5880000,0x00000000d5880000,0x00000000d5980000)
 ParOldGen       total 308736K, used 308603K [0x0000000080000000, 0x0000000092d80000, 0x00000000d5580000)
  object space 308736K, 99% used [0x0000000080000000,0x0000000092d5ef58,0x0000000092d80000)
 Metaspace       used 70863K, committed 72576K, reserved 1114112K
  class space    used 7247K, committed 8000K, reserved 1048576K
}
Event: 558.552 GC heap after
{Heap after GC invocations=354 (full 3):
 PSYoungGen      total 4096K, used 480K [0x00000000d5580000, 0x00000000d5a80000, 0x0000000100000000)
  eden space 3072K, 0% used [0x00000000d5580000,0x00000000d5580000,0x00000000d5880000)
  from space 1024K, 46% used [0x00000000d5880000,0x00000000d58f8020,0x00000000d5980000)
  to   space 512K, 0% used [0x00000000d5a00000,0x00000000d5a00000,0x00000000d5a80000)
 ParOldGen       total 309248K, used 308819K [0x0000000080000000, 0x0000000092e00000, 0x00000000d5580000)
  object space 309248K, 99% used [0x0000000080000000,0x0000000092d94f58,0x0000000092e00000)
 Metaspace       used 70863K, committed 72576K, reserved 1114112K
  class space    used 7247K, committed 8000K, reserved 1048576K
}
Event: 558.577 GC heap before
{Heap before GC invocations=355 (full 3):
 PSYoungGen      total 4096K, used 3552K [0x00000000d5580000, 0x00000000d5a80000, 0x0000000100000000)
  eden space 3072K, 100% used [0x00000000d5580000,0x00000000d5880000,0x00000000d5880000)
  from space 1024K, 46% used [0x00000000d5880000,0x00000000d58f8020,0x00000000d5980000)
  to   space 512K, 0% used [0x00000000d5a00000,0x00000000d5a00000,0x00000000d5a80000)
 ParOldGen       total 309248K, used 308819K [0x0000000080000000, 0x0000000092e00000, 0x00000000d5580000)
  object space 309248K, 99% used [0x0000000080000000,0x0000000092d94f58,0x0000000092e00000)
 Metaspace       used 70886K, committed 72576K, reserved 1114112K
  class space    used 7247K, committed 8000K, reserved 1048576K
}
Event: 558.579 GC heap after
{Heap after GC invocations=355 (full 3):
 PSYoungGen      total 3584K, used 512K [0x00000000d5580000, 0x00000000d5a80000, 0x0000000100000000)
  eden space 3072K, 0% used [0x00000000d5580000,0x00000000d5580000,0x00000000d5880000)
  from space 512K, 100% used [0x00000000d5a00000,0x00000000d5a80000,0x00000000d5a80000)
  to   space 1024K, 0% used [0x00000000d5880000,0x00000000d5880000,0x00000000d5980000)
 ParOldGen       total 309248K, used 309147K [0x0000000080000000, 0x0000000092e00000, 0x00000000d5580000)
  object space 309248K, 99% used [0x0000000080000000,0x0000000092de6f78,0x0000000092e00000)
 Metaspace       used 70886K, committed 72576K, reserved 1114112K
  class space    used 7247K, committed 8000K, reserved 1048576K
}
Event: 558.593 GC heap before
{Heap before GC invocations=356 (full 3):
 PSYoungGen      total 3584K, used 3584K [0x00000000d5580000, 0x00000000d5a80000, 0x0000000100000000)
  eden space 3072K, 100% used [0x00000000d5580000,0x00000000d5880000,0x00000000d5880000)
  from space 512K, 100% used [0x00000000d5a00000,0x00000000d5a80000,0x00000000d5a80000)
  to   space 1024K, 0% used [0x00000000d5880000,0x00000000d5880000,0x00000000d5980000)
 ParOldGen       total 309248K, used 309147K [0x0000000080000000, 0x0000000092e00000, 0x00000000d5580000)
  object space 309248K, 99% used [0x0000000080000000,0x0000000092de6f78,0x0000000092e00000)
 Metaspace       used 70905K, committed 72640K, reserved 1114112K
  class space    used 7247K, committed 8000K, reserved 1048576K
}
Event: 558.596 GC heap after
{Heap after GC invocations=356 (full 3):
 PSYoungGen      total 4096K, used 544K [0x00000000d5580000, 0x00000000d5a80000, 0x0000000100000000)
  eden space 3072K, 0% used [0x00000000d5580000,0x00000000d5580000,0x00000000d5880000)
  from space 1024K, 53% used [0x00000000d5880000,0x00000000d5908000,0x00000000d5980000)
  to   space 1024K, 0% used [0x00000000d5980000,0x00000000d5980000,0x00000000d5a80000)
 ParOldGen       total 309760K, used 309531K [0x0000000080000000, 0x0000000092e80000, 0x00000000d5580000)
  object space 309760K, 99% used [0x0000000080000000,0x0000000092e46f78,0x0000000092e80000)
 Metaspace       used 70905K, committed 72640K, reserved 1114112K
  class space    used 7247K, committed 8000K, reserved 1048576K
}
Event: 558.608 GC heap before
{Heap before GC invocations=357 (full 3):
 PSYoungGen      total 4096K, used 3616K [0x00000000d5580000, 0x00000000d5a80000, 0x0000000100000000)
  eden space 3072K, 100% used [0x00000000d5580000,0x00000000d5880000,0x00000000d5880000)
  from space 1024K, 53% used [0x00000000d5880000,0x00000000d5908000,0x00000000d5980000)
  to   space 1024K, 0% used [0x00000000d5980000,0x00000000d5980000,0x00000000d5a80000)
 ParOldGen       total 309760K, used 309531K [0x0000000080000000, 0x0000000092e80000, 0x00000000d5580000)
  object space 309760K, 99% used [0x0000000080000000,0x0000000092e46f78,0x0000000092e80000)
 Metaspace       used 70913K, committed 72640K, reserved 1114112K
  class space    used 7247K, committed 8000K, reserved 1048576K
}
Event: 558.610 GC heap after
{Heap after GC invocations=357 (full 3):
 PSYoungGen      total 4096K, used 864K [0x00000000d5580000, 0x00000000d5a80000, 0x0000000100000000)
  eden space 3072K, 0% used [0x00000000d5580000,0x00000000d5580000,0x00000000d5880000)
  from space 1024K, 84% used [0x00000000d5980000,0x00000000d5a58000,0x00000000d5a80000)
  to   space 1024K, 0% used [0x00000000d5880000,0x00000000d5880000,0x00000000d5980000)
 ParOldGen       total 310272K, used 309863K [0x0000000080000000, 0x0000000092f00000, 0x00000000d5580000)
  object space 310272K, 99% used [0x0000000080000000,0x0000000092e99f88,0x0000000092f00000)
 Metaspace       used 70913K, committed 72640K, reserved 1114112K
  class space    used 7247K, committed 8000K, reserved 1048576K
}
Event: 558.617 GC heap before
{Heap before GC invocations=358 (full 3):
 PSYoungGen      total 4096K, used 3936K [0x00000000d5580000, 0x00000000d5a80000, 0x0000000100000000)
  eden space 3072K, 100% used [0x00000000d5580000,0x00000000d5880000,0x00000000d5880000)
  from space 1024K, 84% used [0x00000000d5980000,0x00000000d5a58000,0x00000000d5a80000)
  to   space 1024K, 0% used [0x00000000d5880000,0x00000000d5880000,0x00000000d5980000)
 ParOldGen       total 310272K, used 309863K [0x0000000080000000, 0x0000000092f00000, 0x00000000d5580000)
  object space 310272K, 99% used [0x0000000080000000,0x0000000092e99f88,0x0000000092f00000)
 Metaspace       used 70914K, committed 72640K, reserved 1114112K
  class space    used 7247K, committed 8000K, reserved 1048576K
}

