# JRE version: Java(TM) SE Runtime Environment (21.0.1+12) (build 21.0.1+12-LTS-29)
# Java VM: Java HotSpot(TM) 64-Bit Server VM (21.0.1+12-LTS-29, mixed mode, sharing, tiered, compressed oops, compressed class ptrs, g1 gc, windows-amd64)
GC Precious Log:
 CardTable entry size: 512
 Card Set container configuration: InlinePtr #cards 5 size 8 Array Of Cards #cards 12 size 40 Howl #buckets 4 coarsen threshold 1843 Howl Bitmap #cards 512 size 80 coarsen threshold 460 Card regions per heap region 1 cards per card region 2048
 CPUs: 12 total, 12 available
 Memory: 7896M
 Large Page Support: Disabled
 NUMA Support: Disabled
 Compressed Oops: Enabled (32-bit)
 Heap Region Size: 1M
 Heap Min Capacity: 8M
 Heap Initial Capacity: 124M
 Heap Max Capacity: 1976M
 Pre-touch: Disabled
 Parallel Workers: 10
 Concurrent Workers: 3
 Concurrent Refinement Workers: 10
 Periodic GC: Disabled
Heap:
 garbage-first heap   total 137216K, used 46588K [0x0000000084800000, 0x0000000100000000)
  region size 1024K, 1 young (1024K), 1 survivors (1024K)
 Metaspace       used 29371K, committed 29824K, reserved 1114112K
  class space    used 3316K, committed 3520K, reserved 1048576K
GC Heap History (15 events):
Event: 0.655 GC heap before
{Heap before GC invocations=0 (full 0):
 garbage-first heap   total 126976K, used 23552K [0x0000000084800000, 0x0000000100000000)
  region size 1024K, 23 young (23552K), 0 survivors (0K)
 Metaspace       used 5712K, committed 5888K, reserved 1114112K
  class space    used 672K, committed 768K, reserved 1048576K
}
Event: 0.661 GC heap after
{Heap after GC invocations=1 (full 0):
 garbage-first heap   total 126976K, used 3752K [0x0000000084800000, 0x0000000100000000)
  region size 1024K, 3 young (3072K), 3 survivors (3072K)
 Metaspace       used 5712K, committed 5888K, reserved 1114112K
  class space    used 672K, committed 768K, reserved 1048576K
}
Event: 1.293 GC heap before
{Heap before GC invocations=1 (full 0):
 garbage-first heap   total 126976K, used 35496K [0x0000000084800000, 0x0000000100000000)
  region size 1024K, 34 young (34816K), 3 survivors (3072K)
 Metaspace       used 10460K, committed 10624K, reserved 1114112K
  class space    used 1252K, committed 1344K, reserved 1048576K
}
Event: 1.301 GC heap after
{Heap after GC invocations=2 (full 0):
 garbage-first heap   total 126976K, used 5834K [0x0000000084800000, 0x0000000100000000)
  region size 1024K, 2 young (2048K), 2 survivors (2048K)
 Metaspace       used 10460K, committed 10624K, reserved 1114112K
  class space    used 1252K, committed 1344K, reserved 1048576K
}
Event: 3.931 GC heap before
{Heap before GC invocations=2 (full 0):
 garbage-first heap   total 126976K, used 79562K [0x0000000084800000, 0x0000000100000000)
  region size 1024K, 74 young (75776K), 2 survivors (2048K)
 Metaspace       used 16027K, committed 16256K, reserved 1114112K
  class space    used 1874K, committed 1984K, reserved 1048576K
}
Event: 3.948 GC heap after
{Heap after GC invocations=3 (full 0):
 garbage-first heap   total 126976K, used 14026K [0x0000000084800000, 0x0000000100000000)
  region size 1024K, 10 young (10240K), 10 survivors (10240K)
 Metaspace       used 16027K, committed 16256K, reserved 1114112K
  class space    used 1874K, committed 1984K, reserved 1048576K
}
Event: 6.570 GC heap before
{Heap before GC invocations=3 (full 0):
 garbage-first heap   total 126976K, used 83658K [0x0000000084800000, 0x0000000100000000)
  region size 1024K, 74 young (75776K), 10 survivors (10240K)
 Metaspace       used 20249K, committed 20544K, reserved 1114112K
  class space    used 2310K, committed 2432K, reserved 1048576K
}
Event: 6.585 GC heap after
{Heap after GC invocations=4 (full 0):
 garbage-first heap   total 126976K, used 22432K [0x0000000084800000, 0x0000000100000000)
  region size 1024K, 7 young (7168K), 7 survivors (7168K)
 Metaspace       used 20249K, committed 20544K, reserved 1114112K
  class space    used 2310K, committed 2432K, reserved 1048576K
}
Event: 6.684 GC heap before
{Heap before GC invocations=4 (full 0):
 garbage-first heap   total 126976K, used 32672K [0x0000000084800000, 0x0000000100000000)
  region size 1024K, 15 young (15360K), 7 survivors (7168K)
 Metaspace       used 21186K, committed 21504K, reserved 1114112K
  class space    used 2460K, committed 2560K, reserved 1048576K
}
Event: 6.693 GC heap after
{Heap after GC invocations=5 (full 0):
 garbage-first heap   total 126976K, used 27136K [0x0000000084800000, 0x0000000100000000)
  region size 1024K, 5 young (5120K), 5 survivors (5120K)
 Metaspace       used 21186K, committed 21504K, reserved 1114112K
  class space    used 2460K, committed 2560K, reserved 1048576K
}
Event: 10.211 GC heap before
{Heap before GC invocations=6 (full 0):
 garbage-first heap   total 96256K, used 94720K [0x0000000084800000, 0x0000000100000000)
  region size 1024K, 69 young (70656K), 5 survivors (5120K)
 Metaspace       used 27886K, committed 28288K, reserved 1114112K
  class space    used 3129K, committed 3328K, reserved 1048576K
}
Event: 11.243 GC heap after
{Heap after GC invocations=7 (full 0):
 garbage-first heap   total 116736K, used 45568K [0x0000000084800000, 0x0000000100000000)
  region size 1024K, 10 young (10240K), 10 survivors (10240K)
 Metaspace       used 27886K, committed 28288K, reserved 1114112K
  class space    used 3129K, committed 3328K, reserved 1048576K
}
Event: 11.248 GC heap before
{Heap before GC invocations=7 (full 0):
 garbage-first heap   total 116736K, used 46592K [0x0000000084800000, 0x0000000100000000)
  region size 1024K, 11 young (11264K), 10 survivors (10240K)
 Metaspace       used 27903K, committed 28288K, reserved 1114112K
  class space    used 3136K, committed 3328K, reserved 1048576K
}
Event: 11.256 GC heap after
{Heap after GC invocations=8 (full 0):
 garbage-first heap   total 116736K, used 46592K [0x0000000084800000, 0x0000000100000000)
  region size 1024K, 1 young (1024K), 1 survivors (1024K)
 Metaspace       used 27903K, committed 28288K, reserved 1114112K
  class space    used 3136K, committed 3328K, reserved 1048576K
}
Event: 11.596 GC heap before
{Heap before GC invocations=8 (full 0):
 garbage-first heap   total 116736K, used 78336K [0x0000000084800000, 0x0000000100000000)
  region size 1024K, 33 young (33792K), 1 survivors (1024K)
 Metaspace       used 29371K, committed 29824K, reserved 1114112K
  class space    used 3316K, committed 3520K, reserved 1048576K
}

