# JRE version: Java(TM) SE Runtime Environment (21.0.1+12) (build 21.0.1+12-LTS-29)
# Java VM: Java HotSpot(TM) 64-Bit Server VM (21.0.1+12-LTS-29, mixed mode, sharing, tiered, compressed oops, compressed class ptrs, g1 gc, windows-amd64)
GC Precious Log:
 CardTable entry size: 512
 Card Set container configuration: InlinePtr #cards 5 size 8 Array Of Cards #cards 12 size 40 Howl #buckets 4 coarsen threshold 1843 Howl Bitmap #cards 512 size 80 coarsen threshold 460 Card regions per heap region 1 cards per card region 2048
 CPUs: 12 total, 12 available
 Memory: 7896M
 Large Page Support: Disabled
 NUMA Support: Disabled
 Compressed Oops: Enabled (32-bit)
 Heap Region Size: 1M
 Heap Min Capacity: 8M
 Heap Initial Capacity: 124M
 Heap Max Capacity: 1976M
 Pre-touch: Disabled
 Parallel Workers: 10
 Concurrent Workers: 3
 Concurrent Refinement Workers: 10
 Periodic GC: Disabled
Heap:
 garbage-first heap   total 78848K, used 46444K [0x0000000084800000, 0x0000000100000000)
  region size 1024K, 17 young (17408K), 3 survivors (3072K)
 Metaspace       used 77138K, committed 77888K, reserved 1179648K
  class space    used 10420K, committed 10816K, reserved 1048576K
GC Heap History (20 events):
Event: 9.198 GC heap before
{Heap before GC invocations=16 (full 0):
 garbage-first heap   total 65536K, used 53915K [0x0000000084800000, 0x0000000100000000)
  region size 1024K, 38 young (38912K), 4 survivors (4096K)
 Metaspace       used 51054K, committed 51712K, reserved 1114112K
  class space    used 6763K, committed 7040K, reserved 1048576K
}
Event: 9.206 GC heap after
{Heap after GC invocations=17 (full 0):
 garbage-first heap   total 65536K, used 20369K [0x0000000084800000, 0x0000000100000000)
  region size 1024K, 4 young (4096K), 4 survivors (4096K)
 Metaspace       used 51054K, committed 51712K, reserved 1114112K
  class space    used 6763K, committed 7040K, reserved 1048576K
}
Event: 9.627 GC heap before
{Heap before GC invocations=17 (full 0):
 garbage-first heap   total 65536K, used 55185K [0x0000000084800000, 0x0000000100000000)
  region size 1024K, 38 young (38912K), 4 survivors (4096K)
 Metaspace       used 54445K, committed 55040K, reserved 1114112K
  class space    used 7328K, committed 7616K, reserved 1048576K
}
Event: 9.634 GC heap after
{Heap after GC invocations=18 (full 0):
 garbage-first heap   total 65536K, used 21359K [0x0000000084800000, 0x0000000100000000)
  region size 1024K, 4 young (4096K), 4 survivors (4096K)
 Metaspace       used 54445K, committed 55040K, reserved 1114112K
  class space    used 7328K, committed 7616K, reserved 1048576K
}
Event: 10.151 GC heap before
{Heap before GC invocations=18 (full 0):
 garbage-first heap   total 65536K, used 54127K [0x0000000084800000, 0x0000000100000000)
  region size 1024K, 37 young (37888K), 4 survivors (4096K)
 Metaspace       used 59561K, committed 60160K, reserved 1114112K
  class space    used 8000K, committed 8256K, reserved 1048576K
}
Event: 10.162 GC heap after
{Heap after GC invocations=19 (full 0):
 garbage-first heap   total 78848K, used 23299K [0x0000000084800000, 0x0000000100000000)
  region size 1024K, 4 young (4096K), 4 survivors (4096K)
 Metaspace       used 59561K, committed 60160K, reserved 1114112K
  class space    used 8000K, committed 8256K, reserved 1048576K
}
Event: 10.844 GC heap before
{Heap before GC invocations=20 (full 0):
 garbage-first heap   total 78848K, used 66307K [0x0000000084800000, 0x0000000100000000)
  region size 1024K, 46 young (47104K), 4 survivors (4096K)
 Metaspace       used 62901K, committed 63552K, reserved 1114112K
  class space    used 8513K, committed 8832K, reserved 1048576K
}
Event: 10.850 GC heap after
{Heap after GC invocations=21 (full 0):
 garbage-first heap   total 78848K, used 24890K [0x0000000084800000, 0x0000000100000000)
  region size 1024K, 5 young (5120K), 5 survivors (5120K)
 Metaspace       used 62901K, committed 63552K, reserved 1114112K
  class space    used 8513K, committed 8832K, reserved 1048576K
}
Event: 11.234 GC heap before
{Heap before GC invocations=21 (full 0):
 garbage-first heap   total 78848K, used 66874K [0x0000000084800000, 0x0000000100000000)
  region size 1024K, 46 young (47104K), 5 survivors (5120K)
 Metaspace       used 63627K, committed 64320K, reserved 1114112K
  class space    used 8604K, committed 8896K, reserved 1048576K
}
Event: 11.240 GC heap after
{Heap after GC invocations=22 (full 0):
 garbage-first heap   total 78848K, used 25997K [0x0000000084800000, 0x0000000100000000)
  region size 1024K, 4 young (4096K), 4 survivors (4096K)
 Metaspace       used 63627K, committed 64320K, reserved 1114112K
  class space    used 8604K, committed 8896K, reserved 1048576K
}
Event: 11.593 GC heap before
{Heap before GC invocations=22 (full 0):
 garbage-first heap   total 78848K, used 67981K [0x0000000084800000, 0x0000000100000000)
  region size 1024K, 45 young (46080K), 4 survivors (4096K)
 Metaspace       used 64363K, committed 65088K, reserved 1114112K
  class space    used 8688K, committed 9024K, reserved 1048576K
}
Event: 11.597 GC heap after
{Heap after GC invocations=23 (full 0):
 garbage-first heap   total 78848K, used 27042K [0x0000000084800000, 0x0000000100000000)
  region size 1024K, 5 young (5120K), 5 survivors (5120K)
 Metaspace       used 64363K, committed 65088K, reserved 1114112K
  class space    used 8688K, committed 9024K, reserved 1048576K
}
Event: 12.241 GC heap before
{Heap before GC invocations=23 (full 0):
 garbage-first heap   total 78848K, used 66978K [0x0000000084800000, 0x0000000100000000)
  region size 1024K, 44 young (45056K), 5 survivors (5120K)
 Metaspace       used 66320K, committed 67008K, reserved 1114112K
  class space    used 8975K, committed 9280K, reserved 1048576K
}
Event: 12.246 GC heap after
{Heap after GC invocations=24 (full 0):
 garbage-first heap   total 78848K, used 28619K [0x0000000084800000, 0x0000000100000000)
  region size 1024K, 5 young (5120K), 5 survivors (5120K)
 Metaspace       used 66320K, committed 67008K, reserved 1114112K
  class space    used 8975K, committed 9280K, reserved 1048576K
}
Event: 13.064 GC heap before
{Heap before GC invocations=24 (full 0):
 garbage-first heap   total 78848K, used 67531K [0x0000000084800000, 0x0000000100000000)
  region size 1024K, 43 young (44032K), 5 survivors (5120K)
 Metaspace       used 70304K, committed 71040K, reserved 1114112K
  class space    used 9662K, committed 9984K, reserved 1048576K
}
Event: 13.071 GC heap after
{Heap after GC invocations=25 (full 0):
 garbage-first heap   total 78848K, used 31049K [0x0000000084800000, 0x0000000100000000)
  region size 1024K, 6 young (6144K), 6 survivors (6144K)
 Metaspace       used 70304K, committed 71040K, reserved 1114112K
  class space    used 9662K, committed 9984K, reserved 1048576K
}
Event: 115.259 GC heap before
{Heap before GC invocations=25 (full 0):
 garbage-first heap   total 78848K, used 64841K [0x0000000084800000, 0x0000000100000000)
  region size 1024K, 40 young (40960K), 6 survivors (6144K)
 Metaspace       used 74233K, committed 75008K, reserved 1114112K
  class space    used 10154K, committed 10496K, reserved 1048576K
}
Event: 115.271 GC heap after
{Heap after GC invocations=26 (full 0):
 garbage-first heap   total 78848K, used 32164K [0x0000000084800000, 0x0000000100000000)
  region size 1024K, 4 young (4096K), 4 survivors (4096K)
 Metaspace       used 74233K, committed 75008K, reserved 1114112K
  class space    used 10154K, committed 10496K, reserved 1048576K
}
Event: 121.403 GC heap before
{Heap before GC invocations=26 (full 0):
 garbage-first heap   total 78848K, used 68004K [0x0000000084800000, 0x0000000100000000)
  region size 1024K, 40 young (40960K), 4 survivors (4096K)
 Metaspace       used 76695K, committed 77504K, reserved 1179648K
  class space    used 10419K, committed 10816K, reserved 1048576K
}
Event: 121.414 GC heap after
{Heap after GC invocations=27 (full 0):
 garbage-first heap   total 78848K, used 33132K [0x0000000084800000, 0x0000000100000000)
  region size 1024K, 3 young (3072K), 3 survivors (3072K)
 Metaspace       used 76695K, committed 77504K, reserved 1179648K
  class space    used 10419K, committed 10816K, reserved 1048576K
}

